<?xml version="1.0" encoding="UTF-8"?>
<testng-results ignored="0" total="1" passed="1" failed="0" skipped="0">
  <reporter-output>
  </reporter-output>
  <suite started-at="2021-09-04T18:24:54 IST" name="Practice Suite" finished-at="2021-09-04T18:25:00 IST" duration-ms="6004">
    <groups>
    </groups>
    <test started-at="2021-09-04T18:24:54 IST" name="Test Basics 1" finished-at="2021-09-04T18:25:00 IST" duration-ms="6004">
      <class name="com.java.tests.LoginPage">
        <test-method is-config="true" signature="launchApplication(java.lang.String,java.lang.String)[pri:0, instance:com.java.tests.LoginPage@58cbafc2]" started-at="2021-09-04T18:24:54 IST" name="launchApplication" finished-at="2021-09-04T18:25:00 IST" duration-ms="5944" status="PASS">
          <params>
            <param index="0">
              <value>
                <![CDATA[chrome]]>
              </value>
            </param>
            <param index="1">
              <value>
                <![CDATA[qa]]>
              </value>
            </param>
          </params>
          <reporter-output>
          </reporter-output>
        </test-method> <!-- launchApplication -->
        <test-method signature="LoginIntoApplication()[pri:0, instance:com.java.tests.LoginPage@58cbafc2]" started-at="2021-09-04T18:25:00 IST" name="LoginIntoApplication" finished-at="2021-09-04T18:25:00 IST" duration-ms="9" status="PASS">
          <reporter-output>
          </reporter-output>
        </test-method> <!-- LoginIntoApplication -->
        <test-method is-config="true" signature="AfterSuite()[pri:0, instance:com.java.tests.LoginPage@58cbafc2]" started-at="2021-09-04T18:25:00 IST" name="AfterSuite" finished-at="2021-09-04T18:25:00 IST" duration-ms="299" status="PASS">
          <reporter-output>
          </reporter-output>
        </test-method> <!-- AfterSuite -->
      </class> <!-- com.java.tests.LoginPage -->
    </test> <!-- Test Basics 1 -->
  </suite> <!-- Practice Suite -->
</testng-results>
